{"/home/avirajkale50/Github/fraud_detection_with_ruby/fraud_detection_frontend/src/utils/formatters.ts": {"path":"/home/avirajkale50/Github/fraud_detection_with_ruby/fraud_detection_frontend/src/utils/formatters.ts","statementMap":{"0":{"start":{"line":2,"column":26},"end":{"line":31,"column":null}},"1":{"start":{"line":3,"column":4},"end":{"line":5,"column":null}},"2":{"start":{"line":4,"column":8},"end":{"line":4,"column":null}},"3":{"start":{"line":7,"column":17},"end":{"line":7,"column":null}},"4":{"start":{"line":9,"column":4},"end":{"line":11,"column":null}},"5":{"start":{"line":10,"column":8},"end":{"line":10,"column":null}},"6":{"start":{"line":13,"column":48},"end":{"line":28,"column":null}},"7":{"start":{"line":30,"column":4},"end":{"line":30,"column":null}},"8":{"start":{"line":33,"column":30},"end":{"line":42,"column":null}},"9":{"start":{"line":34,"column":4},"end":{"line":36,"column":null}},"10":{"start":{"line":35,"column":8},"end":{"line":35,"column":null}},"11":{"start":{"line":38,"column":4},"end":{"line":41,"column":null}},"12":{"start":{"line":44,"column":31},"end":{"line":55,"column":null}},"13":{"start":{"line":45,"column":4},"end":{"line":47,"column":null}},"14":{"start":{"line":46,"column":8},"end":{"line":46,"column":null}},"15":{"start":{"line":49,"column":4},"end":{"line":54,"column":null}},"16":{"start":{"line":53,"column":21},"end":{"line":53,"column":null}}},"fnMap":{"0":{"name":"(anonymous_0)","decl":{"start":{"line":2,"column":26},"end":{"line":2,"column":27}},"loc":{"start":{"line":2,"column":100},"end":{"line":31,"column":null}},"line":2},"1":{"name":"(anonymous_1)","decl":{"start":{"line":33,"column":30},"end":{"line":33,"column":31}},"loc":{"start":{"line":33,"column":90},"end":{"line":42,"column":null}},"line":33},"2":{"name":"(anonymous_2)","decl":{"start":{"line":44,"column":31},"end":{"line":44,"column":32}},"loc":{"start":{"line":44,"column":32},"end":{"line":55,"column":null}},"line":44},"3":{"name":"(anonymous_3)","decl":{"start":{"line":53,"column":13},"end":{"line":53,"column":21}},"loc":{"start":{"line":53,"column":21},"end":{"line":53,"column":null}},"line":53}},"branchMap":{"0":{"loc":{"start":{"line":2,"column":66},"end":{"line":2,"column":100}},"type":"default-arg","locations":[{"start":{"line":2,"column":93},"end":{"line":2,"column":100}}],"line":2},"1":{"loc":{"start":{"line":3,"column":4},"end":{"line":5,"column":null}},"type":"if","locations":[{"start":{"line":3,"column":4},"end":{"line":5,"column":null}},{"start":{},"end":{}}],"line":3},"2":{"loc":{"start":{"line":9,"column":4},"end":{"line":11,"column":null}},"type":"if","locations":[{"start":{"line":9,"column":4},"end":{"line":11,"column":null}},{"start":{},"end":{}}],"line":9},"3":{"loc":{"start":{"line":13,"column":48},"end":{"line":28,"column":null}},"type":"cond-expr","locations":[{"start":{"line":14,"column":10},"end":{"line":20,"column":null}},{"start":{"line":21,"column":10},"end":{"line":28,"column":null}}],"line":13},"4":{"loc":{"start":{"line":33,"column":66},"end":{"line":33,"column":90}},"type":"default-arg","locations":[{"start":{"line":33,"column":85},"end":{"line":33,"column":90}}],"line":33},"5":{"loc":{"start":{"line":34,"column":4},"end":{"line":36,"column":null}},"type":"if","locations":[{"start":{"line":34,"column":4},"end":{"line":36,"column":null}},{"start":{},"end":{}}],"line":34},"6":{"loc":{"start":{"line":34,"column":8},"end":{"line":34,"column":66}},"type":"binary-expr","locations":[{"start":{"line":34,"column":8},"end":{"line":34,"column":27}},{"start":{"line":34,"column":27},"end":{"line":34,"column":51}},{"start":{"line":34,"column":51},"end":{"line":34,"column":66}}],"line":34},"7":{"loc":{"start":{"line":45,"column":4},"end":{"line":47,"column":null}},"type":"if","locations":[{"start":{"line":45,"column":4},"end":{"line":47,"column":null}},{"start":{},"end":{}}],"line":45}},"s":{"0":1,"1":4,"2":2,"3":2,"4":2,"5":1,"6":1,"7":4,"8":1,"9":3,"10":2,"11":1,"12":1,"13":0,"14":0,"15":0,"16":0},"f":{"0":4,"1":3,"2":0,"3":0},"b":{"0":[4],"1":[2,2],"2":[1,1],"3":[1,0],"4":[3],"5":[2,1],"6":[3,2,1],"7":[0,0]},"meta":{"lastBranch":8,"lastFunction":4,"lastStatement":17,"seen":{"s:2:26:31:Infinity":0,"f:2:26:2:27":0,"b:2:93:2:100":0,"b:3:4:5:Infinity:undefined:undefined:undefined:undefined":1,"s:3:4:5:Infinity":1,"s:4:8:4:Infinity":2,"s:7:17:7:Infinity":3,"b:9:4:11:Infinity:undefined:undefined:undefined:undefined":2,"s:9:4:11:Infinity":4,"s:10:8:10:Infinity":5,"s:13:48:28:Infinity":6,"b:14:10:20:Infinity:21:10:28:Infinity":3,"s:30:4:30:Infinity":7,"s:33:30:42:Infinity":8,"f:33:30:33:31":1,"b:33:85:33:90":4,"b:34:4:36:Infinity:undefined:undefined:undefined:undefined":5,"s:34:4:36:Infinity":9,"b:34:8:34:27:34:27:34:51:34:51:34:66":6,"s:35:8:35:Infinity":10,"s:38:4:41:Infinity":11,"s:44:31:55:Infinity":12,"f:44:31:44:32":2,"b:45:4:47:Infinity:undefined:undefined:undefined:undefined":7,"s:45:4:47:Infinity":13,"s:46:8:46:Infinity":14,"s:49:4:54:Infinity":15,"f:53:13:53:21":3,"s:53:21:53:Infinity":16}}}
}
